2015-40-15 20:40:14.314 [main] INFO  Server - started
2015-41-15 20:41:24.935 [main] INFO  Server :: started
2015-42-15 20:42:31.014 [main] ERROR serv.RealServ: fail on start
2015-44-15 20:44:11.527 [main] INFO  Server| started
2015-44-15 20:44:34.066 [main] INFO  | Server: started
2015-44-15 20:44:47.746 [main] INFO | Server: started
2015-45-15 20:45:16.196 [main] INFO  Server : started
2015-52-15 20:52:33.680 [main] INFO  Server : started
2015-54-15 20:54:12.599 [main] INFO  Server : started
2015-59-15 20:59:59.667 [main] INFO  Server : started
2015-59-15 20:59:59.671 [main] INFO  Server : connection attempt
2015-01-15 21:01:20.955 [main] INFO  Server : started
2015-23-15 22:23:43.388 [main] INFO  Server : started
2015-23-15 22:23:52.945 [main] INFO  Server : connection attempt
2015-23-15 22:23:52.946 [main] INFO  New Connection : Made it
2015-23-15 22:23:53.320 [main] INFO  Server : connection attempt
2015-23-15 22:23:53.320 [main] INFO  New Connection : Made it
2015-23-15 22:23:53.331 [main] INFO  Server : connection attempt
2015-23-15 22:23:53.331 [main] INFO  New Connection : Made it
2015-24-15 22:24:30.235 [main] INFO  Server : started
2015-28-15 22:28:52.183 [main] INFO  Server : started
2015-29-15 22:29:03.038 [main] INFO  Server : connection attempt
2015-29-15 22:29:03.043 [main] INFO  New Connection : Made it
2015-29-15 22:29:03.308 [main] INFO  Server : connection attempt
2015-29-15 22:29:03.308 [main] INFO  New Connection : Made it
2015-29-15 22:29:03.310 [main] INFO  Server : connection attempt
2015-29-15 22:29:03.310 [main] INFO  New Connection : Made it
2015-29-15 22:29:03.311 [main] INFO  Server : connection attempt
2015-29-15 22:29:03.312 [main] INFO  New Connection : Made it
2015-35-15 22:35:01.040 [main] INFO  Server : started
2015-47-16 19:47:54.175 [main] INFO  Server : started
2015-40-16 22:40:36.588 [main] INFO  Server : started
2015-40-16 22:40:49.230 [main] INFO  Server : connection attempt
2015-40-16 22:40:49.234 [main] INFO  New Connection : Made it
2015-45-16 22:45:00.940 [main] INFO  Server : started
2015-02-16 23:02:10.675 [main] INFO  Server : connection attempt
2015-02-16 23:02:10.754 [main] INFO  New Connection : Made it
2015-51-17 13:51:45.497 [main] INFO  Server : started
2015-51-17 13:51:55.594 [main] INFO  Server : connection attempt
2015-51-17 13:51:55.598 [main] INFO  New Connection : Made it
2015-55-17 13:55:29.459 [main] INFO  Server : connection attempt
2015-55-17 13:55:29.488 [main] INFO  New Connection : Made it
2015-57-17 13:57:29.240 [main] INFO  Server : connection attempt
2015-57-17 13:57:29.241 [main] INFO  New Connection : Made it
2015-51-17 18:51:14.808 [main] INFO  Server : started
2015-51-17 18:51:15.543 [main] INFO  Server : connection attempt
2015-51-17 18:51:15.573 [main] INFO  New Connection : Made it
2015-54-17 18:54:24.780 [main] INFO  Server : started
2015-54-17 18:54:27.969 [main] INFO  Server : connection attempt
2015-54-17 18:54:27.971 [main] INFO  New Connection : Made it
2015-59-17 18:59:54.139 [main] INFO  Server : started
2015-59-17 18:59:56.465 [main] INFO  Server : connection attempt
2015-59-17 18:59:56.467 [main] INFO  New Connection : Made it
2015-01-17 19:01:01.245 [main] INFO  Server : started
2015-01-17 19:01:03.385 [main] INFO  Server : connection attempt
2015-01-17 19:01:03.387 [main] INFO  New Connection : Made it
2015-01-17 19:01:10.549 [main] INFO  Server : started
2015-01-17 19:01:17.682 [main] INFO  Server : connection attempt
2015-01-17 19:01:17.687 [main] INFO  New Connection : Made it
2015-04-17 19:04:54.012 [main] INFO  Server : started
2015-04-17 19:04:56.911 [main] INFO  Server : connection attempt
2015-04-17 19:04:56.913 [main] INFO  New Connection : Made it
2015-11-17 19:11:45.505 [main] INFO  Server : started
2015-11-17 19:11:50.634 [main] INFO  Server : connection attempt
2015-11-17 19:11:50.636 [main] INFO  New Connection : Made it
2015-17-17 19:17:55.042 [main] INFO  Server : started
2015-17-17 19:17:59.802 [main] INFO  Server : connection attempt
2015-17-17 19:17:59.804 [main] INFO  New Connection : Made it
2015-14-18 18:14:08.131 [main] INFO  Server : started
